	Iozone: Performance Test of File I/O
	        Version $Revision: 3.493 $
		Compiled for 64 bit mode.
		Build: macosx 

	Contributors:William Norcott, Don Capps, Isom Crawford, Kirby Collins
	             Al Slater, Scott Rhine, Mike Wisner, Ken Goss
	             Steve Landherr, Brad Smith, Mark Kelly, Dr. Alain CYR,
	             Randy Dunlap, Mark Montague, Dan Million, Gavin Brebner,
	             Jean-Marc Zucconi, Jeff Blomberg, Benny Halevy, Dave Boone,
	             Erik Habbinga, Kris Strecker, Walter Wong, Joshua Root,
	             Fabrice Bacchella, Zhenghua Xue, Qin Li, Darren Sawyer,
	             Vangel Bojaxhi, Ben England, Vikentsi Lapa,
	             Alexey Skidanov, Sudhir Kumar.

	Run began: Mon Nov 14 17:30:04 2022

	Excel chart generation enabled
	File size set to 1024 kB
	File size set to 2048 kB
	File size set to 4096 kB
	File size set to 8192 kB
	File size set to 16384 kB
	File size set to 32768 kB
	File size set to 65536 kB
	File size set to 131072 kB
	File size set to 262144 kB
	File size set to 524288 kB
	Include close in write timing
	Command line used: iozone -R -s1024 -s2048 -s4096 -s8192 -s16384 -s32768 -s65536 -s131072 -s262144 -s524288 -c -i0 -i1 -i2 -b ffs-fs.wks -f ffs/bench.tmp
	Output is in kBytes/sec
	Time Resolution = 0.000001 seconds.
	Processor cache size set to 1024 kBytes.
	Processor cache line size set to 32 bytes.
	File stride size set to 17 * record size.
                                                              random    random     bkwd    record    stride                                    
              kB  reclen    write  rewrite    read    reread    read     write     read   rewrite      read   fwrite frewrite    fread  freread
            1024       4      274      238  1473500  1769073   858340      287                                                                
            1024       8      204      277  1729884  1932227  1799462      249                                                                
            1024      16      274      203  2207295  2474336  1852232      298                                                                
            1024      32      282      300  2789291  2337008  2281152      247                                                                
            1024      64      307      278  2326879  2701567  2535690      313                                                                
            1024     128      255      278  1899750  2723840  2455943      315                                                                
            1024     256      303      299  3294177  3529706  4356809      345                                                                
            1024     512      253      277  2349794  2829721  2107643      231                                                                
            1024    1024      222      282  2892612  2586074  3366474      306                                                                
            2048       4      449      422  1433135  2079481  1134013      458                                                                
            2048       8      496      565  2146514  1873974  2011785      529                                                                
            2048      16      464      520  2805512  3282603  3500658      465                                                                
            2048      32      472      512  2959183  3671217  3470953      408                                                                
            2048      64      521      445  4276140  4875642  3395491      483                                                                
            2048     128      473      465  3436240  3664951  3430751      409                                                                
            2048     256      512      543  2575842  3604966  3240499      486                                                                
            2048     512      469      420  3764533  4023754  4104506      511                                                                
            2048    1024      513      519  4088876  3126106  2455806      552                                                                
            2048    2048      509      480  3136379  3938881  4240255      514                                                                
            4096       4      784      779  2343197  1819553  1822062      807                                                                
            4096       8      749      712  2491711  3700320  2963678      709                                                                
            4096      16      863      651  3032202  3107900  3185110      706                                                                
            4096      32      752      801  3778448  5265366  4835578      599                                                                
            4096      64      753      775  4376138  5672159  3485604      557                                                                
            4096     128      700      765  4344048  6060333  5818150      775                                                                
            4096     256      887      856  5611025  4686519  4226492      817                                                                
            4096     512      745      774  4607338  4886467  3519162      693                                                                
            4096    1024      856      822  4516494  6408472  4016047      795                                                                
            4096    2048      754      767  3968731  5411313  5835938      692                                                                
            4096    4096      525      730  4366128  3912691  4133944      827                                                                
            8192       4     1170      940  1782439  2211079   905900      951                                                                
            8192       8     1042      869  3526316  3363060  2950902      927                                                                
            8192      16     1095      916  2557706  4686395  4155847      881                                                                
            8192      32     1070      982  4931921  5001558  3946308      949                                                                
            8192      64     1192      992  4657175  6527546  6117309     1006                                                                
            8192     128     1218      955  5939652  6150158  5439416      913                                                                
            8192     256     1073      904  6715075  7148143  4759753      898                                                                
            8192     512     1179      876  5421393  6995337  7315554      919                                                                
            8192    1024     1100      898  5494212  4708228  6024002      971                                                                
            8192    2048     1107      862  5997714  6491781  5468852      955                                                                
            8192    4096     1150      966  5421393  5523358  5101058      970                                                                
            8192    8192     1125      981  4057211  3159282  2964907      952                                                                
           16384       4     1170     1149  2177229  2276851  1649261     1065                                                                
           16384       8     1289     1078  3690269  3865029  2535417     1077                                                                
           16384      16     1295     1170  4719159  4840147  3839547     1090                                                                
           16384      32     1377     1185  5929815  5012066  5107050     1152                                                                
           16384      64      578     1119  5166953  4765300  4969299     1087                                                                
           16384     128     1262     1196  6328456  6282173  5988726     1137                                                                
           16384     256     1151     1093  7098528  7004468  6912867     1110                                                                
           16384     512     1403     1061  6881715  6835170  5925724      795                                                                
           16384    1024     1255      649  6857679  7170374  7304517     1058                                                                
           16384    2048     1339     1081  6478809  6998761  6778535     1090                                                                
           16384    4096     1353     1059  4649237  4927608  4526138     1111                                                                
           16384    8192     1399     1121  5251050  5580685  5188017      882                                                                
           16384   16384     1361     1095  4744573  4778223  4939296     1148                                                                
           32768       4     1651     1312  2448285  2551032  1727362     1398                                                                
           32768       8     1642     1330  3671421  3285042  2424403     1356                                                                
           32768      16     1687     1376  4483877  4989831  2759385     1436                                                                
           32768      32     1702     1317  3688368  4902440  3719411     1314                                                                
           32768      64     1555     1344  6696889  5810928  6290456     1373                                                                
           32768     128     1647     1405  5551114  6875452  6727045     1432                                                                
           32768     256     1729     1358  6723096  6138735  6760465     1391                                                                
           32768     512     1715     1269  6616929  6963233  6946692     1393                                                                
           32768    1024     1770     1261  3295913  6177918  5858736     1289                                                                
           32768    2048     1738     1395  5649691  6061306  5288594     1265                                                                
           32768    4096     1751     1324    69168  5106444  5774065     1384                                                                
           32768    8192     1738     1345    79667  5166721  3905535     1444                                                                
           32768   16384     1571     1357   106888  5579508  5807736     1249                                                                
           65536       4     1909     1643    76294  2446821  1794959     1574                                                                
           65536       8     1886     1521   134603  3914200  2793026     1573                                                                
           65536      16     2121     1564    60350  4902860  3641306     1653                                                                
           65536      32     2175     1659   116864  5141286  4623308     1671                                                                
           65536      64     2042     1683   165025  5350337  5241579     1650                                                                
           65536     128     2053     1664    59238  6945253  6245123     1653                                                                
           65536     256     1980     1609    58426  6685943  5521654     1481                                                                
           65536     512     1974     1661  6065426  6773761  6316011     1548                                                                
           65536    1024     1908     1512    55432  6805457  6983011     1620                                                                
           65536    2048     1781     1524   173894  6717478  7028722     1694                                                                
           65536    4096     1965     1606  5842523  4940576  5114026     1643                                                                
           65536    8192     1899     1591    59042  5610576  5642363     1686                                                                
           65536   16384     1932     1570  5399735  5502641  5566154     1682                                                                
          131072       4     2212     1617    47690  2273392  1645784     1755                                                                
          131072       8     2393     1840    49296  3309234  2341071     1830                                                                
          131072      16     2417     1818    52994  4486784  4232641     1724                                                                
          131072      32     2531     1614    53745  6099532  5052865     1884                                                                
          131072      64     2399     1642    51461  5553212  4957140     1819                                                                
          131072     128     2488     1797    57265  6567086  5870273     1871                                                                
          131072     256     2406     1799    96075  6461876  5814272     1822                                                                
          131072     512     2379     1807    48318  6076878  6410936     1848                                                                
          131072    1024     2482     1874   109337  7146386  7135533     1831                                                                
          131072    2048     2327     1867    50898  6485814  6789891     1915                                                                
          131072    4096     2370     1806    40824  5273244  5216602     1815                                                                
          131072    8192     1873     1778  4876540  4620891  4919171     1829                                                                
          131072   16384     2346     1804    67820  5240970  5370659     1849                                                                
          262144       4     2238     1618
Can not open temporary file ffs/bench.tmp for read
