	Iozone: Performance Test of File I/O
	        Version $Revision: 3.493 $
		Compiled for 64 bit mode.
		Build: macosx 

	Contributors:William Norcott, Don Capps, Isom Crawford, Kirby Collins
	             Al Slater, Scott Rhine, Mike Wisner, Ken Goss
	             Steve Landherr, Brad Smith, Mark Kelly, Dr. Alain CYR,
	             Randy Dunlap, Mark Montague, Dan Million, Gavin Brebner,
	             Jean-Marc Zucconi, Jeff Blomberg, Benny Halevy, Dave Boone,
	             Erik Habbinga, Kris Strecker, Walter Wong, Joshua Root,
	             Fabrice Bacchella, Zhenghua Xue, Qin Li, Darren Sawyer,
	             Vangel Bojaxhi, Ben England, Vikentsi Lapa,
	             Alexey Skidanov, Sudhir Kumar.

	Run began: Wed Nov 16 15:41:15 2022

	Excel chart generation enabled
	File size set to 131072 kB
	File size set to 262144 kB
	File size set to 524288 kB
	Include close in write timing
	Command line used: iozone -R -s131072 -s262144 -s524288 -c -i0 -i1 -i2 -b ffs-fs.wks -f ffs/bench.tmp
	Output is in kBytes/sec
	Time Resolution = 0.000001 seconds.
	Processor cache size set to 1024 kBytes.
	Processor cache line size set to 32 bytes.
	File stride size set to 17 * record size.
                                                              random    random     bkwd    record    stride                                    
              kB  reclen    write  rewrite    read    reread    read     write     read   rewrite      read   fwrite frewrite    fread  freread
          131072       4     2059     1729  2973359  2666778  1971894     1605                                                                
          131072       8     2297     1813  4220618  3783414  3118619     1784                                                                
          131072      16     2472     1637    68079  5009036  3812353     1797                                                                
          131072      32     2154     1641    70359  6003942  5415790     1715                                                                
          131072      64     2176     1567    69429  6385321  6283727     1595                                                                
          131072     128     2362     1748  7874149  8230640  7615527     1631                                                                
          131072     256     2236     1716    60407  6553543  5731410     1960                                                                
          131072     512     2465     1963    70434  7089250  7322871     1910                                                                
          131072    1024     2433     1945     7260  6747555  6164024     1842                                                                
          131072    2048     2393     1936    81991  6880134  6919971     2001                                                                
          131072    4096     2644     1902    62072  5982251  5118969     1922                                                                
          131072    8192     2474     1954  6522596  6600438  4799231     1935                                                                
          131072   16384     2384     1885    79478  6078894  5960782     1929                                                                
          262144       4     2339     1822    68103  2583743  1813113     1793                                                                
          262144       8     2139     1823    70685  4449684  3068092     1945                                                                
          262144      16     2597     1944    68449  5590363  3975558     1870                                                                
          262144      32     2157     1949    69849  6013557  4985728     1987                                                                
          262144      64     2529     1939    99154  6771275  6536121     2005                                                                
          262144     128     2421     1995    70227  6868693  6311675     1962                                                                
          262144     256      548     1940    68031  7097066  6655244     1952                                                                
          262144     512      894     1983    71294  7641769  7390988     1999                                                                
          262144    1024     2623     2009    68417  7053902  7063782     1782                                                                
          262144    2048     2612     1967    59723  7329012  7242548     1988                                                                
          262144    4096     2676     1987  7519272  4997807  6004755     2019                                                                
          262144    8192     2637     2000  6089594  4674122  5722694     2014                                                                
          262144   16384     2646     1992   161814  5487959  5567942     2034                                                                
          524288       4
Can not open temp file: ffs/bench.tmp
