Start: 2022-10-04 22:55:54
Network operator: T-Mobile Netherlands
Support ID: mmo4080c6568
Latency:      39,159 ms
Download:     51,422 Mbit/s
Upload:        4,228 Mbit/s
Measurement ID: 424096253

Total time 2h30min

	Iozone: Performance Test of File I/O
	        Version $Revision: 3.493 $
		Compiled for 64 bit mode.
		Build: macosx 

	Contributors:William Norcott, Don Capps, Isom Crawford, Kirby Collins
	             Al Slater, Scott Rhine, Mike Wisner, Ken Goss
	             Steve Landherr, Brad Smith, Mark Kelly, Dr. Alain CYR,
	             Randy Dunlap, Mark Montague, Dan Million, Gavin Brebner,
	             Jean-Marc Zucconi, Jeff Blomberg, Benny Halevy, Dave Boone,
	             Erik Habbinga, Kris Strecker, Walter Wong, Joshua Root,
	             Fabrice Bacchella, Zhenghua Xue, Qin Li, Darren Sawyer,
	             Vangel Bojaxhi, Ben England, Vikentsi Lapa,
	             Alexey Skidanov, Sudhir Kumar.

	Run began: Tue Oct  4 22:48:37 2022

	Excel chart generation enabled
	File size set to 1024 kB
	File size set to 2048 kB
	File size set to 4096 kB
	File size set to 8192 kB
	File size set to 16384 kB
	Include close in write timing
	Command line used: iozone -R -s1024 -s2048 -s4096 -s8192 -s16384 -c -i0 -i1 -i2 -b ffs.wks -f ffs/bench.tmp
	Output is in kBytes/sec
	Time Resolution = 0.000001 seconds.
	Processor cache size set to 1024 kBytes.
	Processor cache line size set to 32 bytes.
	File stride size set to 17 * record size.
                                                              random    random     bkwd    record    stride                                    
              kB  reclen    write  rewrite    read    reread    read     write     read   rewrite      read   fwrite frewrite    fread  freread
            1024       4      169      113   292158  1759651  1528563       71                                                                
            1024       8       76       87  1735476   703769  1656494      170                                                                
            1024      16      148       99     3039  3181915  3594699      169                                                                
            1024      32      110      126  1516688  3849207  4488860       93                                                                
            1024      64      101       60  3121783  3603747  3591693       77                                                                
            1024     128      146      185  3369115  4215688  4654248      130                                                                
            1024     256      154      138  2653170  2478620  4550690       74                                                                
            1024     512      112      105  2746483  1199106  1865101      133                                                                
            1024    1024       82      131  3804877  3037876  2789291      157                                                                
            2048       4      146       88  1292923  1643753  1380173      183                                                                
            2048       8      140      168  1662523  2734075  2273187       72                                                                
            2048      16      100       75  2752473  3549844  4120256      150                                                                
            2048      32      121      182  2653011  3362265  4088876      153                                                                
            2048      64      122      138  3336148  3991965  4909079      216                                                                
            2048     128       97      142  3715681  4490751  3638560       96                                                                
            2048     256      162      135  3749743  5868220  5704543       67                                                                
            2048     512      216       76  2824887  5852228  5735012       86                                                                
            2048    1024      118      149  3835124  5626082  6359119       32                                                                
            2048    2048       83       75  4221501  3848872  3799501      174                                                                
            4096       4       85      153  1585764  2585847  1961663      132                                                                
            4096       8       95      238  2902590  3485604  2951458      105                                                                
            4096      16      125       50  2931815  4408705  3771811       76                                                                
            4096      32      110      116  3512686  5056165  4692920      112                                                                
            4096      64       58      126  4325455  4602401  4965558      166                                                                
            4096     128      127      167  4039655  5325760  5649775      131                                                                
            4096     256      202      178  4643451  6408472  6389405      136                                                                
            4096     512      117       72  5360658  6449370  6245395       87                                                                
            4096    1024      119      126  4562069  5204750  5519094      172                                                                
            4096    2048      266      123  3775126  5883908  5953231      101                                                                
            4096    4096       86      111  2121284  3700320  4154939      105                                                                
            8192       4      170      253  1941688  2561711  1991775      255                                                                
            8192       8      297      151  2992016  3198692  2821041      337                                                                
            8192      16      100      136  3265263  4748571  4170981      223                                                                
            8192      32      163      165  4827293  5595314  5059743      275                                                                
            8192      64      316      146      467  6527546  6420214      316                                                                
            8192     128      301      205  5697371  6720329  6665573      193                                                                
            8192     256      324      320  5676663  6924845  6187815      188                                                                
            8192     512      208      264  4367131  5949938  5599873      253                                                                
            8192    1024      356      263      536  6485654  6099933      177                                                                
            8192    2048      181      318  4938300  4156350  4168957      169                                                                
            8192    4096      161      300  4738094  4884942  4974045      174                                                                
            8192    8192      210      169    13638  4754484  4887722      239                                                                
           16384       4      213      339  2238287  2722446  1968768      320                                                                
           16384       8      231      157  3635219  3844918  3042999      218                                                                
           16384      16      298      250  4044509  4851766  3851382      288                                                                
           16384      32      241      227  5193114  5578420  4769600      191                                                                
           16384      64      270      234  5672823  6106874  5550036      291                                                                
           16384     128      201      199      266  6630718  6676457      254                                                                
           16384     256      305      246  5935961  5732448  5811959      363                                                                
           16384     512      236      280      270  6493502  6417099      269                                                                
           16384    1024      388      477     1367  6797981  5241438      340                                                                
           16384    2048      195      286      241    16484  6326125      364                                                                
           16384    4096      193      246  5953446  5919089  5553625      317                                                                
           16384    8192      328      312  5496324  5454010  5459210      252                                                                
           16384   16384      340      189  5599328  5494127  5557667      208                                                                

iozone test complete.
Excel output is below:

"Writer report"
        "4"  "8"  "16"  "32"  "64"  "128"  "256"  "512"  "1024"  "2048"  "4096"  "8192"  "16384"
"1024"   169  76  148  110  101  146  154  112  82 
"2048"   146  140  100  121  122  97  162  216  118  83 
"4096"   85  95  125  110  58  127  202  117  119  266  86 
"8192"   170  297  100  163  316  301  324  208  356  181  161  210 
"16384"   213  231  298  241  270  201  305  236  388  195  193  328  340 

"Re-writer report"
        "4"  "8"  "16"  "32"  "64"  "128"  "256"  "512"  "1024"  "2048"  "4096"  "8192"  "16384"
"1024"   113  87  99  126  60  185  138  105  131 
"2048"   88  168  75  182  138  142  135  76  149  75 
"4096"   153  238  50  116  126  167  178  72  126  123  111 
"8192"   253  151  136  165  146  205  320  264  263  318  300  169 
"16384"   339  157  250  227  234  199  246  280  477  286  246  312  189 

"Reader report"
        "4"  "8"  "16"  "32"  "64"  "128"  "256"  "512"  "1024"  "2048"  "4096"  "8192"  "16384"
"1024"   292158  1735476  3039  1516688  3121783  3369115  2653170  2746483  3804877 
"2048"   1292923  1662523  2752473  2653011  3336148  3715681  3749743  2824887  3835124  4221501 
"4096"   1585764  2902590  2931815  3512686  4325455  4039655  4643451  5360658  4562069  3775126  2121284 
"8192"   1941688  2992016  3265263  4827293  467  5697371  5676663  4367131  536  4938300  4738094  13638 
"16384"   2238287  3635219  4044509  5193114  5672823  266  5935961  270  1367  241  5953446  5496324  5599328 

"Re-Reader report"
        "4"  "8"  "16"  "32"  "64"  "128"  "256"  "512"  "1024"  "2048"  "4096"  "8192"  "16384"
"1024"   1759651  703769  3181915  3849207  3603747  4215688  2478620  1199106  3037876 
"2048"   1643753  2734075  3549844  3362265  3991965  4490751  5868220  5852228  5626082  3848872 
"4096"   2585847  3485604  4408705  5056165  4602401  5325760  6408472  6449370  5204750  5883908  3700320 
"8192"   2561711  3198692  4748571  5595314  6527546  6720329  6924845  5949938  6485654  4156350  4884942  4754484 
"16384"   2722446  3844918  4851766  5578420  6106874  6630718  5732448  6493502  6797981  16484  5919089  5454010  5494127 

"Random read report"
        "4"  "8"  "16"  "32"  "64"  "128"  "256"  "512"  "1024"  "2048"  "4096"  "8192"  "16384"
"1024"   1528563  1656494  3594699  4488860  3591693  4654248  4550690  1865101  2789291 
"2048"   1380173  2273187  4120256  4088876  4909079  3638560  5704543  5735012  6359119  3799501 
"4096"   1961663  2951458  3771811  4692920  4965558  5649775  6389405  6245395  5519094  5953231  4154939 
"8192"   1991775  2821041  4170981  5059743  6420214  6665573  6187815  5599873  6099933  4168957  4974045  4887722 
"16384"   1968768  3042999  3851382  4769600  5550036  6676457  5811959  6417099  5241438  6326125  5553625  5459210  5557667 

"Random write report"
        "4"  "8"  "16"  "32"  "64"  "128"  "256"  "512"  "1024"  "2048"  "4096"  "8192"  "16384"
"1024"   71  170  169  93  77  130  74  133  157 
"2048"   183  72  150  153  216  96  67  86  32  174 
"4096"   132  105  76  112  166  131  136  87  172  101  105 
"8192"   255  337  223  275  316  193  188  253  177  169  174  239 
"16384"   320  218  288  191  291  254  363  269  340  364  317  252  208 
