	Iozone: Performance Test of File I/O
	        Version $Revision: 3.493 $
		Compiled for 64 bit mode.
		Build: macosx 

	Contributors:William Norcott, Don Capps, Isom Crawford, Kirby Collins
	             Al Slater, Scott Rhine, Mike Wisner, Ken Goss
	             Steve Landherr, Brad Smith, Mark Kelly, Dr. Alain CYR,
	             Randy Dunlap, Mark Montague, Dan Million, Gavin Brebner,
	             Jean-Marc Zucconi, Jeff Blomberg, Benny Halevy, Dave Boone,
	             Erik Habbinga, Kris Strecker, Walter Wong, Joshua Root,
	             Fabrice Bacchella, Zhenghua Xue, Qin Li, Darren Sawyer,
	             Vangel Bojaxhi, Ben England, Vikentsi Lapa,
	             Alexey Skidanov, Sudhir Kumar.

	Run began: Wed Nov 16 21:26:08 2022

	Excel chart generation enabled
	File size set to 32768 kB
	File size set to 65536 kB
	File size set to 131072 kB
	File size set to 262144 kB
	File size set to 524288 kB
	Include close in write timing
	Command line used: iozone -R -s32768 -s65536 -s131072 -s262144 -s524288 -c -i0 -i1 -i2 -f gcsf/bench.tmp
	Output is in kBytes/sec
	Time Resolution = 0.000001 seconds.
	Processor cache size set to 1024 kBytes.
	Processor cache line size set to 32 bytes.
	File stride size set to 17 * record size.
                                                              random    random     bkwd    record    stride                                    
              kB  reclen    write  rewrite    read    reread    read     write     read   rewrite      read   fwrite frewrite    fread  freread
           32768       4     5961     3460  2042128  2647496  2016008     2645                                                                
           32768       8     6522     3692  3800035  3920576  2989505     3340                                                                
           32768      16     6466     3734  1646965  5405490  4390767     4027                                                                
           32768      32     6444     3794  6367688  7042082  6160472     4205                                                                
           32768      64     6561     3520  6320832  6921852  6397625     4118                                                                
           32768     128     6562     3929  7134569  7622452  6645403     4659                                                                
           32768     256     6455     3806  2476252  7534697  7356834     3807                                                                
           32768     512     6536     3892  7081997  7548353  7222299     3876                                                                
           32768    1024     6384     3788  2462101  7639824  7514100     3763                                                                
           32768    2048     6676     3868   778780  4610682  6733966     3580                                                                
           32768    4096     6567     3808  2712121  6479666  6352971     3816                                                                
           32768    8192     6541     3659  5751833  5550217  5557623     3550                                                                
           32768   16384     6501     3833  5910385  5152967  5123194     3810                                                                
           65536       4     7223     3947   495797  2702384  1828937     2815                                                                
           65536       8     7646     4297  1394230  4370230  2973491     3216                                                                
           65536      16     7697     3892  1388947  4925967  3835444     3913                                                                
           65536      32     6666     3992  5880268  6259344  5371772     4204                                                                
           65536      64     7869     4345  6613714  6843750  6541938     5706                                                                
           65536     128     7943     4311  3731924  7395989  7108885     4620                                                                
           65536     256     7895     4339   773550  6986028  6208449     5217                                                                
           65536     512     7951     4293   542089  7393602  7741991     4361                                                                
           65536    1024     7918     4269  1402289  7107231  6294893     4301                                                                
           65536    2048     7876     4145   516845  7321524  6013148     4238                                                                
           65536    4096     7874     4217   440358  4743870  4674491     4451                                                                
           65536    8192     7922     4232   468713  4061986  4608426     4375                                                                
           65536   16384     6636     3947   556962  3785790  4854115     4282                                                                
          131072       4     7747     4616   518180  2693563  1795749     2238                                                                
          131072       8     8528     4749  1111862  3577583  2805408     3199                                                                
          131072      16     8590     4861  5235579  5344242  3586779     3664                                                                
          131072      32     8876     4931  1734394  5067349  5328805     4444                                                                
          131072      64     8845     4911   575061  6698228  5918556     5212                                                                
          131072     128     8885     4923  2376594  6237386  6101766     5492                                                                
          131072     256     8808     4912   904324  7180830  7012566     5431                                                                
          131072     512     8792     4892   448953  6802914  6246316     6327                                                                
          131072    1024     8827     4906  1671026  7459089  7011046     4825                                                                
          131072    2048     8552     4887   508255  7461620  7030322     4903                                                                
          131072    4096     8737     4896   527015  5452476  5974645     4907                                                                
          131072    8192     8719     4912   563319  5774636  5844871     4867                                                                
          131072   16384     8798     4921   576619  5159710  5917473     4925                                                                
          262144       4     8157     4728   496162  2637928
iozone: interrupted

Excel output is below:

"Writer report"
        "4"  "8"  "16"  "32"  "64"  "128"  "256"  "512"  "1024"  "2048"  "4096"  "8192"  "16384"
"32768"   5961  6522  6466  6444  6561  6562  6455  6536  6384  6676  6567  6541  6501 
"65536"   7223  7646  7697  6666  7869  7943  7895  7951  7918  7876  7874  7922  6636 
"131072"   7747  8528  8590  8876  8845  8885  8808  8792  8827  8552  8737  8719  8798 
"262144"   8157 

"Re-writer report"
        "4"  "8"  "16"  "32"  "64"  "128"  "256"  "512"  "1024"  "2048"  "4096"  "8192"  "16384"
"32768"   3460  3692  3734  3794  3520  3929  3806  3892  3788  3868  3808  3659  3833 
"65536"   3947  4297  3892  3992  4345  4311  4339  4293  4269  4145  4217  4232  3947 
"131072"   4616  4749  4861  4931  4911  4923  4912  4892  4906  4887  4896  4912  4921 
"262144"   4728 

"Reader report"
        "4"  "8"  "16"  "32"  "64"  "128"  "256"  "512"  "1024"  "2048"  "4096"  "8192"  "16384"
"32768"   2042128  3800035  1646965  6367688  6320832  7134569  2476252  7081997  2462101  778780  2712121  5751833  5910385 
"65536"   495797  1394230  1388947  5880268  6613714  3731924  773550  542089  1402289  516845  440358  468713  556962 
"131072"   518180  1111862  5235579  1734394  575061  2376594  904324  448953  1671026  508255  527015  563319  576619 
"262144"   496162 

"Re-Reader report"
        "4"  "8"  "16"  "32"  "64"  "128"  "256"  "512"  "1024"  "2048"  "4096"  "8192"  "16384"
"32768"   2647496  3920576  5405490  7042082  6921852  7622452  7534697  7548353  7639824  4610682  6479666  5550217  5152967 
"65536"   2702384  4370230  4925967  6259344  6843750  7395989  6986028  7393602  7107231  7321524  4743870  4061986  3785790 
"131072"   2693563  3577583  5344242  5067349  6698228  6237386  7180830  6802914  7459089  7461620  5452476  5774636  5159710 
"262144"   2637928 

"Random read report"
        "4"  "8"  "16"  "32"  "64"  "128"  "256"  "512"  "1024"  "2048"  "4096"  "8192"  "16384"
"32768"   2016008  2989505  4390767  6160472  6397625  6645403  7356834  7222299  7514100  6733966  6352971  5557623  5123194 
"65536"   1828937  2973491  3835444  5371772  6541938  7108885  6208449  7741991  6294893  6013148  4674491  4608426  4854115 
"131072"   1795749  2805408  3586779  5328805  5918556  6101766  7012566  6246316  7011046  7030322  5974645  5844871  5917473 
"262144"   0 

"Random write report"
        "4"  "8"  "16"  "32"  "64"  "128"  "256"  "512"  "1024"  "2048"  "4096"  "8192"  "16384"
"32768"   2645  3340  4027  4205  4118  4659  3807  3876  3763  3580  3816  3550  3810 
"65536"   2815  3216  3913  4204  5706  4620  5217  4361  4301  4238  4451  4375  4282 
"131072"   2238  3199  3664  4444  5212  5492  5431  6327  4825  4903  4907  4867  4925 
"262144"   0 
exiting iozone

