DONE: Mån  7 Nov 2022 21:06:11 CET
        Time: 1m50sek

	Iozone: Performance Test of File I/O
	        Version $Revision: 3.493 $
		Compiled for 64 bit mode.
		Build: macosx 

	Contributors:William Norcott, Don Capps, Isom Crawford, Kirby Collins
	             Al Slater, Scott Rhine, Mike Wisner, Ken Goss
	             Steve Landherr, Brad Smith, Mark Kelly, Dr. Alain CYR,
	             Randy Dunlap, Mark Montague, Dan Million, Gavin Brebner,
	             Jean-Marc Zucconi, Jeff Blomberg, Benny Halevy, Dave Boone,
	             Erik Habbinga, Kris Strecker, Walter Wong, Joshua Root,
	             Fabrice Bacchella, Zhenghua Xue, Qin Li, Darren Sawyer,
	             Vangel Bojaxhi, Ben England, Vikentsi Lapa,
	             Alexey Skidanov, Sudhir Kumar.

	Run began: Mon Nov  7 21:04:21 2022

	Excel chart generation enabled
	File size set to 1024 kB
	File size set to 2048 kB
	File size set to 4096 kB
	File size set to 8192 kB
	File size set to 16384 kB
	File size set to 32768 kB
	File size set to 65536 kB
	File size set to 131072 kB
	File size set to 262144 kB
	File size set to 524288 kB
	Include close in write timing
	Command line used: iozone -R -s1024 -s2048 -s4096 -s8192 -s16384 -s32768 -s65536 -s131072 -s262144 -s524288 -c -i0 -i1 -i2 - b ffs-fs.wks -f ffs/bench.tmp
	Output is in kBytes/sec
	Time Resolution = 0.000001 seconds.
	Processor cache size set to 1024 kBytes.
	Processor cache line size set to 32 bytes.
	File stride size set to 17 * record size.
                                                              random    random     bkwd    record    stride                                    
              kB  reclen    write  rewrite    read    reread    read     write     read   rewrite      read   fwrite frewrite    fread  freread
            1024       4   159475   516668  2300703  2672984  1899750   584523                                                                
            1024       8   302147   888894  3472628  3999762  3074849   755251                                                                
            1024      16   204797  1378002  5444898  7590887  6059442  2020395                                                                
            1024      32   669331  1271902  6025439  8246774  7485055  2534194                                                                
            1024      64   770562  1232484  3425544  3582705  3941039  2835325                                                                
            1024     128  1528563  1896395  2353657  2820430  2572135  2437821                                                                
            1024     256   931702   760735  3521025  5226256  3377062  2008114                                                                
            1024     512   371703  2015654  5479632  7208671  6441107  2255990                                                                
            1024    1024  1340164   793775  1259592  4014717  1299219   799241                                                                
            2048       4   194475   446281  2429413  2519185  2076967   649335                                                                
            2048       8   310725  1080657  3548378  3878414  3287628   954776                                                                
            2048      16   254254  1063926  2324238  2094183  1943069   474508                                                                
            2048      32   368875  1030239  2288326  2531808  2801852  1523901                                                                
            2048      64   880855   111521  2392202  3319389  3287628  2223755                                                                
            2048     128  1237420  2704804  7817519  9752360  9752360  3519302                                                                
            2048     256  1097081  2258247  5277002  3855782  4204968  1798259                                                                
            2048     512  1219155  2365196  6939647 10143926  9944290  1793378                                                                
            2048    1024  1295263  2458618  6867521  8784909  8261095  3318107                                                                
            2048    2048  1823453  3245396  7529708 10713237 10037248  2738433                                                                
            4096       4   199931   607259  2597576  2659914  1978835   532497                                                                
            4096       8   318406   784547  3931494  4201683  3335375   886025                                                                
            4096      16   640709  1234469  4922872  5497899  5236478  1069144                                                                
            4096      32   611714  1146103  3456849  4581535  2703870  1136474                                                                
            4096      64  1033076  1474438  6151473  6628532  6941906  1860943                                                                
            4096     128  1064440  1693297  6908408  7756829  8944095  2239351                                                                
            4096     256  1039326  1823802  7064655  8205092  9524234  1813981                                                                
            4096     512   931976  1577900  5894001  7447471  7558881  1903416                                                                
            4096    1024   900421  1624143  4648477  6066754  5996870  1447846                                                                
            4096    2048  1207570  1721808  5402804  4853336  4875373  1672526                                                                
            4096    4096  1213627  1454465  6281934  5445618  6103394  1405213                                                                
            8192       4   204824   483301  2693866  2906963  1819630   554530                                                                
            8192       8   316817   617095  3716653  3849914  3044239   810279                                                                
            8192      16   385558   792195  4555903  3912159  3383593   965247                                                                
            8192      32   593660   853238  5487193  6542461  5888754  1353555                                                                
            8192      64   651767   901716  4143818  6848927  6670750  1451443                                                                
            8192     128   589312   999881  6405850  5607184  5776876  1545660                                                                
            8192     256   784669  1028771  8054689  8532752  8642207  1714146                                                                
            8192     512   772167   950560  7585256  7550253  7779318  1622824                                                                
            8192    1024   831858   977217  5708730  7593638  6924845   983538                                                                
            8192    2048   729741   964787  7537004  8127085  5905961  1018766                                                                
            8192    4096   672246   934938  4594281  5809106  5572627   935600                                                                
            8192    8192   823307   980703  5576245  5501249  5237920   955796                                                                
           16384       4   204440   451959  1887130  2220998  1554007   357261                                                                
           16384       8   287428   578063  3339494  2777913  2421507   559387                                                                
           16384      16   473154   779372  5330063  5518393  4341144   764001                                                                
           16384      32   599882   764570  3537899  2383791  4405431   760172                                                                
           16384      64   656623   849712  6635840  6829736  6212881   907993                                                                
           16384     128   774480   856906  6409917  6747917  5181367   931337                                                                
           16384     256   800275   877175  6430310  6622411  6039252   968783                                                                
           16384     512   732212   841410  4554938  2365574  3657858   913327                                                                
           16384    1024   736592   446416  6921222  7304517  7139088   953102                                                                
           16384    2048   786598   833672  3453620  4617684  5282129   781980                                                                
           16384    4096   815402   847375  2166589  2171450  5080244   969179                                                                
           16384    8192   797276   857398  5158807  5157259  4895314   837370                                                                
           16384   16384   729763   848516  4187197  3420444  3495607   808209                                                                
           32768       4   144265   445138  2452479  2515593  1558975   201371                                                                
           32768       8   292913   560634  2775321   422414  2220991   413784                                                                
           32768      16   473815   769079  4702013  4812321  4084269   651295                                                                
           32768      32   630616   803450  6173478  6197698  5435204   733376                                                                
           32768      64   713183   817277  5991547  6090584  6073896   774802                                                                
           32768     128   641806   823935  6411354  6317346  5979556   808646                                                                
           32768     256   729863   819651  6621073  6907241  6635778   817647                                                                
           32768     512   628379   820120  5601338  6022528  5711676   795687                                                                
           32768    1024   622493   825722  7129387  7163948  7174793   816427                                                                
           32768    2048   659873   824999  6994417  7024087  7100291   815081                                                                
           32768    4096   643456   819279  5692749  5715476  6436274   805050                                                                
           32768    8192   669350   822821  5448563  5106444  5468725   822446                                                                
           32768   16384   747666   810668  4751758  5972021  5888102   820184                                                                
           65536       4   251368   486312  2673966  2746120  1901416   378858                                                                
           65536       8   348690   652780  4183591  4150992  3064454   501350                                                                
           65536      16   492085   774380  5032015  5069321  4018870   604459                                                                
           65536      32   481153   789258  6032415  6282807  5162336   663018                                                                
           65536      64   751525   798799  6770924  6731955  6343120   708627                                                                
           65536     128   761160   803976  6720270  6501553  6161136   728283                                                                
           65536     256   762827   802861  6932816  6983011  6712557   756312                                                                
           65536     512   492373   806467  7149936  6811697  7024950   761905                                                                
           65536    1024   784232   800008  6714032  6463182  6344145   740855                                                                
           65536    2048   780599   803372  6609102  6476583  6591827   735434                                                                
           65536    4096   465990   801959  6538515  6588509  6297922   727814                                                                
           65536    8192   763618   802725  5680492  5450919  5434646   779968                                                                
           65536   16384   781920   797411  5542138  5876120  5464464   782116                                                                
          131072       4   214970   476958  2775537  2755173  1887775   373346                                                                
          131072       8   346696   643974  4124081  4126310  3091541   506122                                                                
          131072      16   490691   758567  5119016  5114587  4023453   594740                                                                
          131072      32   576345   644890  5613831  5225974  5183353   650852                                                                
          131072      64   707747   762831  5348765  4340138  3293670   607028                                                                
          131072     128   631216   772610  6775497  6555887  5722700   667936                                                                
          131072     256   649070   770272  4877838  5927107  5496414   692831                                                                
          131072     512   782725   544649  5514443  5109264  5696785   608203                                                                
          131072    1024   785093   776289  4523778  4320967  3931719   567929                                                                
          131072    2048   624839   790748  5408171  5892231  6076610   692191                                                                
          131072    4096   724503   743047  2241853  2764011  1999695   579639                                                                
          131072    8192   447659   740269  2555460  3077523   847392   581513                                                                
          131072   16384   787787   785215  2956665  4241949  3620272   699404                                                                
          262144       4   204778   462449  2612033  2857991  1883367   370122                                                                
          262144       8   333219   646059  4088592  3711246  2885714   450730                                                                
          262144      16   414944   524252  5074689  5355664  4278225   466516                                                                
          262144      32   473988   491535  6218999  6016321  5223883   573833                                                                
          262144      64   524245   784510  6861877  6473815  5600786   670580                                                                
          262144     128   596270   785636  6715279  6511426  5905358   691430                                                                
          262144     256   688020   730755  6735808  6046594  6090977   567649                                                                
          262144     512   648681   787167  7042156  7033237  6498034   705739                                                                
          262144    1024   713499   786522  6728553  6847177  7061150   713318                                                                
          262144    2048   591206   687147  3955521  3413775  4274183   566151                                                                
          262144    4096   417813   754028  5947137  6368117  6760118   695148                                                                
          262144    8192   724537   785252  4522621  5259819  5397122   772297                                                                
          262144   16384   704260   785848  5227609  4680728  4505903   770628                                                                
          
iozone test complete.
Excel output is below:

"Writer report"
        "4"  "8"  "16"  "32"  "64"  "128"  "256"  "512"  "1024"  "2048"  "4096"  "8192"  "16384"
"1024"   159475  302147  204797  669331  770562  1528563  931702  371703  1340164 
"2048"   194475  310725  254254  368875  880855  1237420  1097081  1219155  1295263  1823453 
"4096"   199931  318406  640709  611714  1033076  1064440  1039326  931976  900421  1207570  1213627 
"8192"   204824  316817  385558  593660  651767  589312  784669  772167  831858  729741  672246  823307 
"16384"   204440  287428  473154  599882  656623  774480  800275  732212  736592  786598  815402  797276  729763 
"32768"   144265  292913  473815  630616  713183  641806  729863  628379  622493  659873  643456  669350  747666 
"65536"   251368  348690  492085  481153  751525  761160  762827  492373  784232  780599  465990  763618  781920 
"131072"   214970  346696  490691  576345  707747  631216  649070  782725  785093  624839  724503  447659  787787 
"262144"   204778  333219  414944  473988  524245  596270  688020  648681  713499  591206  417813  724537  704260 

"Re-writer report"
        "4"  "8"  "16"  "32"  "64"  "128"  "256"  "512"  "1024"  "2048"  "4096"  "8192"  "16384"
"1024"   516668  888894  1378002  1271902  1232484  1896395  760735  2015654  793775 
"2048"   446281  1080657  1063926  1030239  111521  2704804  2258247  2365196  2458618  3245396 
"4096"   607259  784547  1234469  1146103  1474438  1693297  1823802  1577900  1624143  1721808  1454465 
"8192"   483301  617095  792195  853238  901716  999881  1028771  950560  977217  964787  934938  980703 
"16384"   451959  578063  779372  764570  849712  856906  877175  841410  446416  833672  847375  857398  848516 
"32768"   445138  560634  769079  803450  817277  823935  819651  820120  825722  824999  819279  822821  810668 
"65536"   486312  652780  774380  789258  798799  803976  802861  806467  800008  803372  801959  802725  797411 
"131072"   476958  643974  758567  644890  762831  772610  770272  544649  776289  790748  743047  740269  785215 
"262144"   462449  646059  524252  491535  784510  785636  730755  787167  786522  687147  754028  785252  785848 

"Reader report"
        "4"  "8"  "16"  "32"  "64"  "128"  "256"  "512"  "1024"  "2048"  "4096"  "8192"  "16384"
"1024"   2300703  3472628  5444898  6025439  3425544  2353657  3521025  5479632  1259592 
"2048"   2429413  3548378  2324238  2288326  2392202  7817519  5277002  6939647  6867521  7529708 
"4096"   2597576  3931494  4922872  3456849  6151473  6908408  7064655  5894001  4648477  5402804  6281934 
"8192"   2693866  3716653  4555903  5487193  4143818  6405850  8054689  7585256  5708730  7537004  4594281  5576245 
"16384"   1887130  3339494  5330063  3537899  6635840  6409917  6430310  4554938  6921222  3453620  2166589  5158807  4187197 
"32768"   2452479  2775321  4702013  6173478  5991547  6411354  6621073  5601338  7129387  6994417  5692749  5448563  4751758 
"65536"   2673966  4183591  5032015  6032415  6770924  6720270  6932816  7149936  6714032  6609102  6538515  5680492  5542138 
"131072"   2775537  4124081  5119016  5613831  5348765  6775497  4877838  5514443  4523778  5408171  2241853  2555460  2956665 
"262144"   2612033  4088592  5074689  6218999  6861877  6715279  6735808  7042156  6728553  3955521  5947137  4522621  5227609 

"Re-Reader report"
        "4"  "8"  "16"  "32"  "64"  "128"  "256"  "512"  "1024"  "2048"  "4096"  "8192"  "16384"
"1024"   2672984  3999762  7590887  8246774  3582705  2820430  5226256  7208671  4014717 
"2048"   2519185  3878414  2094183  2531808  3319389  9752360  3855782  10143926  8784909  10713237 
"4096"   2659914  4201683  5497899  4581535  6628532  7756829  8205092  7447471  6066754  4853336  5445618 
"8192"   2906963  3849914  3912159  6542461  6848927  5607184  8532752  7550253  7593638  8127085  5809106  5501249 
"16384"   2220998  2777913  5518393  2383791  6829736  6747917  6622411  2365574  7304517  4617684  2171450  5157259  3420444 
"32768"   2515593  422414  4812321  6197698  6090584  6317346  6907241  6022528  7163948  7024087  5715476  5106444  5972021 
"65536"   2746120  4150992  5069321  6282807  6731955  6501553  6983011  6811697  6463182  6476583  6588509  5450919  5876120 
"131072"   2755173  4126310  5114587  5225974  4340138  6555887  5927107  5109264  4320967  5892231  2764011  3077523  4241949 
"262144"   2857991  3711246  5355664  6016321  6473815  6511426  6046594  7033237  6847177  3413775  6368117  5259819  4680728 

"Random read report"
        "4"  "8"  "16"  "32"  "64"  "128"  "256"  "512"  "1024"  "2048"  "4096"  "8192"  "16384"
"1024"   1899750  3074849  6059442  7485055  3941039  2572135  3377062  6441107  1299219 
"2048"   2076967  3287628  1943069  2801852  3287628  9752360  4204968  9944290  8261095  10037248 
"4096"   1978835  3335375  5236478  2703870  6941906  8944095  9524234  7558881  5996870  4875373  6103394 
"8192"   1819630  3044239  3383593  5888754  6670750  5776876  8642207  7779318  6924845  5905961  5572627  5237920 
"16384"   1554007  2421507  4341144  4405431  6212881  5181367  6039252  3657858  7139088  5282129  5080244  4895314  3495607 
"32768"   1558975  2220991  4084269  5435204  6073896  5979556  6635778  5711676  7174793  7100291  6436274  5468725  5888102 
"65536"   1901416  3064454  4018870  5162336  6343120  6161136  6712557  7024950  6344145  6591827  6297922  5434646  5464464 
"131072"   1887775  3091541  4023453  5183353  3293670  5722700  5496414  5696785  3931719  6076610  1999695  847392  3620272 
"262144"   1883367  2885714  4278225  5223883  5600786  5905358  6090977  6498034  7061150  4274183  6760118  5397122  4505903 

"Random write report"
        "4"  "8"  "16"  "32"  "64"  "128"  "256"  "512"  "1024"  "2048"  "4096"  "8192"  "16384"
"1024"   584523  755251  2020395  2534194  2835325  2437821  2008114  2255990  799241 
"2048"   649335  954776  474508  1523901  2223755  3519302  1798259  1793378  3318107  2738433 
"4096"   532497  886025  1069144  1136474  1860943  2239351  1813981  1903416  1447846  1672526  1405213 
"8192"   554530  810279  965247  1353555  1451443  1545660  1714146  1622824  983538  1018766  935600  955796 
"16384"   357261  559387  764001  760172  907993  931337  968783  913327  953102  781980  969179  837370  808209 
"32768"   201371  413784  651295  733376  774802  808646  817647  795687  816427  815081  805050  822446  820184 
"65536"   378858  501350  604459  663018  708627  728283  756312  761905  740855  735434  727814  779968  782116 
"131072"   373346  506122  594740  650852  607028  667936  692831  608203  567929  692191  579639  581513  699404 
"262144"   370122  450730  466516  573833  670580  691430  567649  705739  713318  566151  695148  772297  770628 
