make all --print-data-base --no-builtin-variables --no-builtin-rules --question
# GNU Make 3.81
# Copyright (C) 2006  Free Software Foundation, Inc.
# This is free software; see the source for copying conditions.
# There is NO warranty; not even for MERCHANTABILITY or FITNESS FOR A
# PARTICULAR PURPOSE.

# This program built for i386-apple-darwin11.3.0

# Make data base, printed on Tue Jul 12 15:30:26 2022

# Variables

# automatic
<D = $(patsubst %/,%,$(dir $<))
# automatic
?F = $(notdir $?)
# environment
ELECTRON_NO_ATTACH_CONSOLE = 1
# makefile (from `Makefile', line 13)
test_main := out.nosync/main_test.out
# automatic
?D = $(patsubst %/,%,$(dir $?))
# automatic
@D = $(patsubst %/,%,$(dir $@))
# automatic
@F = $(notdir $@)
# makefile
CURDIR := /Users/glenn/Documents/KTH/CalPoly/Thesis/src
# makefile
SHELL = /bin/sh
# environment
VSCODE_NLS_CONFIG = {"locale":"sv","availableLanguages":{},"_languagePackSupport":true}
# environment
_ = /usr/bin/make
# makefile (from `Makefile', line 1)
MAKEFILE_LIST :=  Makefile
# environment
__CFBundleIdentifier = com.microsoft.VSCode
# makefile (from `Makefile', line 7)
test_dir := tests
# environment
VSCODE_CWD = /Users/glenn/Desktop/filesystems-master/filesystems-c/hello
# environment
PATH = /Users/glenn/.poetry/bin:/Users/glenn/.repobee/bin:/usr/local/sbin:/usr/local/opt/qt/bin:/usr/local/opt/inetutils/libexec/gnubin:/Users/glenn/.jenv/bin:/Users/glenn/Library/Android/sdk/platform-tools:/Library/Java/JavaVirtualMachines/jdk-11.0.1.jdk/Contents/Home/bin:/usr/local/bin:/usr/local/sbin:/Users/glenn/Library/Python/3.7/bin:/Users/glenn/.cargo/bin:/Users/glenn/.repobee/bin:/usr/local/bin:/usr/bin:/bin:/usr/sbin:/sbin:/Library/TeX/texbin:/usr/local/MacGPG2/bin:/opt/X11/bin:/Library/Apple/usr/bin
# makefile (from `Makefile', line 1)
compile_flags := -Wall --std=c++20 -O2 
# makefile (from `Makefile', line 11)
files := src/**/*.cpp
# makefile (from `Makefile', line 6)
out_dir := out.nosync
# makefile (from `Makefile', line 15)
fuse_mount_point = ffs
# environment
GOPATH = /Users/glenn/go
# environment
ELECTRON_RUN_AS_NODE = 1
# environment
ANDROID_HOME = /Users/glenn/Library/Android/sdk
# default
.FEATURES := target-specific order-only second-expansion else-if archives jobserver check-symlink
# environment
SSH_AUTH_SOCK = /private/tmp/com.apple.launchd.sxwdzED3ho/Listeners
# automatic
%F = $(notdir $%)
# environment
GOBIN = /Users/glenn/go/bin
# environment
DISPLAY = /private/tmp/com.apple.launchd.8JAnTCiBoz/org.macosforge.xquartz:0
# environment
MODUS_KEYS_DIR = /Users/glenn/Documents/KTH/Mjukvarukonstruktion, DD1393/keys
# makefile (from `Makefile', line 12)
test_files := tests/*.cpp
# environment
PWD = /Users/glenn/Documents/KTH/CalPoly/Thesis/src
# environment
ORIGINAL_XDG_CURRENT_DESKTOP = undefined
# environment
VSCODE_AMD_ENTRYPOINT = vs/workbench/api/node/extensionHostProcess
# environment
HOME = /Users/glenn
# default
MAKEFILEPATH = $(shell /usr/bin/xcode-select -print-path 2>/dev/null || echo /Developer)/Makefiles
# environment
VSCODE_CLI = 1
# environment
VSCODE_CODE_CACHE_PATH = /Users/glenn/Library/Application Support/Code/CachedData/92d25e35d9bf1a6b16f7d0758f25d48ace11e5b9
# environment
LOGNAME = glenn
# environment
APPLICATION_INSIGHTS_NO_DIAGNOSTIC_CHANNEL = true
# environment
VSCODE_HANDLES_UNCAUGHT_ERRORS = true
# automatic
^D = $(patsubst %/,%,$(dir $^))
# environment
XPC_FLAGS = 0x0
# default
MAKE = $(MAKE_COMMAND)
# default
MAKECMDGOALS := all
# environment
SHLVL = 3
# environment
MODUS_DB_CONFIG = glenn:none@localhost/modusoperandi
# makefile (from `Makefile', line 9)
CC = g++
# environment
JAVA_HOME = /Library/Java/JavaVirtualMachines/jdk-11.0.1.jdk/Contents/Home
# default
MAKE_VERSION := 3.81
# environment
USER = glenn
# makefile
.DEFAULT_GOAL := out.nosync
# environment
TERM_SESSION_ID = DB455277-D948-459D-986E-C64B78129778
# environment
CLASSPATH = /Users/glenn/Documents/KTH/INDA-asse/junit-4.12.jar:/Users/glenn/Documents/KTH/INDA-asse/hamcrest-core-1.3.jar:.
# automatic
%D = $(patsubst %/,%,$(dir $%))
# default
MAKE_COMMAND := /Library/Developer/CommandLineTools/usr/bin/make
# environment
TERM_PROGRAM = Apple_Terminal
# default
.VARIABLES := 
# environment
TMPDIR = /var/folders/sm/h2597q853wdbtzkb5j5_px1m0000gn/T/
# automatic
*F = $(notdir $*)
# environment
VSCODE_IPC_HOOK = /Users/glenn/Library/Application Support/Code/1.69.0-main.sock
# environment
MallocNanoZone = 0
# makefile
MAKEFLAGS = Rrqp
# environment
MFLAGS = -Rrqp
# automatic
*D = $(patsubst %/,%,$(dir $*))
# environment
TERM_PROGRAM_VERSION = 444
# environment
XPC_SERVICE_NAME = application.com.microsoft.VSCode.8730256251.8730256257.06213148-4B22-4557-A61A-B8981061275E
# automatic
+D = $(patsubst %/,%,$(dir $+))
# environment
MODUS_LOG_DIR = /Users/glenn/Documents/KTH/Mjukvarukonstruktion, DD1393/ModusOperandiServer/logs/
# automatic
+F = $(notdir $+)
# environment
__CF_USER_TEXT_ENCODING = 0x1F5:0x0:0x7
# environment
COMMAND_MODE = unix2003
# default
MAKEFILES := 
# automatic
<F = $(notdir $<)
# environment
REACT_EDITOR = code
# makefile (from `Makefile', line 3)
magick_flags := `Magick++-config --cppflags --cxxflags --ldflags --libs`
# environment
LC_ALL = C
# environment
JAVA_TOOL_OPTIONS = -Dfile.encoding=UTF8 -Xmx8g
# makefile (from `Makefile', line 4)
fuse_flags = `pkg-config --cflags --libs fuse`
# automatic
^F = $(notdir $^)
# default
SUFFIXES := 
# default
.INCLUDE_DIRS = /usr/local/include
# environment
MAKELEVEL := 0
# environment
LANG = C
# environment
TERM = xterm-256color
# environment
VSCODE_PID = 973
# variable set hash-table stats:
# Load=85/1024=8%, Rehash=0, Collisions=3/126=2%

# Pattern-specific Variable Values

# No pattern-specific variable values.

# Directories

# . (device 16777220, inode 8713104245): 13 files, no impossibilities.

# 13 files, no impossibilities in 1 directories.

# Implicit Rules

# No implicit rules.

# Files

all: | out.nosync
#  Command-line target.
#  Implicit rule search has not been done.
#  Implicit/static pattern stem: `'
#  File does not exist.
#  File has been updated.
#  Needs to be updated (-q is set).
# automatic
# @ := all
# automatic
# % := 
# automatic
# * := 
# automatic
# + := 
# automatic
# | := out.nosync
# automatic
# < := 
# automatic
# ^ := 
# automatic
# ? := 
# variable set hash-table stats:
# Load=8/32=25%, Rehash=0, Collisions=3/19=16%
#  commands to execute (from `Makefile', line 21):
	@$(CC) $(compile_flags) $(magick_flags) $(fuse_flags) src/main.cpp $(patsubst $(@F).cpp, $(out_dir)/%.o, $(files)) -o $(out_dir)/main.out 
	

# Not a target:
.SUFFIXES:
#  Implicit rule search has not been done.
#  Modification time never checked.
#  File has not been updated.

# Not a target:
Makefile:
#  Implicit rule search has been done.
#  Last modified 2022-07-12 15:30:21
#  File has been updated.
#  Successfully updated.
# variable set hash-table stats:
# Load=0/32=0%, Rehash=0, Collisions=0/0=0%

clean_fuse:
#  Implicit rule search has not been done.
#  Modification time never checked.
#  File has not been updated.
#  commands to execute (from `Makefile', line 37):
	-@umount $(fuse_mount_point)
	-@rmdir $(fuse_mount_point)
	

main_test: | out.nosync
#  Implicit rule search has not been done.
#  Modification time never checked.
#  File has not been updated.
#  commands to execute (from `Makefile', line 27):
	@$(CC) $(compile_flags) -c $(test_dir)/main/main_test.cpp -o $(test_main)
	

# Not a target:
.DEFAULT:
#  Implicit rule search has not been done.
#  Modification time never checked.
#  File has not been updated.

out.nosync:
#  Implicit rule search has not been done.
#  Last modified 2022-07-12 15:30:09
#  File has been updated.
#  Successfully updated.
#  commands to execute (from `Makefile', line 18):
	@mkdir $(out_dir)
	

clean: | out.nosync
#  Implicit rule search has not been done.
#  Modification time never checked.
#  File has not been updated.
#  commands to execute (from `Makefile', line 34):
	@rm -f $(out_dir)/*.out
	

all_tests: all | out.nosync
#  Implicit rule search has not been done.
#  Modification time never checked.
#  File has not been updated.
#  commands to execute (from `Makefile', line 30):
 
	@$(CC) $(compile_flags) $(magick_flags) $(fuse_flags) $(test_main) $(patsubst $(@F).cpp, $(out_dir)/%.o, $(test_files)) $(patsubst $(@F).cpp, $(out_dir)/%.o, $(files)) -o $(out_dir)/test.out 
	$(out_dir)/test.out
	

fuse: clean_fuse all
#  Implicit rule search has not been done.
#  Modification time never checked.
#  File has not been updated.
#  commands to execute (from `Makefile', line 24):
	./$(out_dir)/main.out fuse $(fuse_mount_point) -f
	

# files hash-table stats:
# Load=10/1024=1%, Rehash=0, Collisions=0/31=0%
# VPATH Search Paths

# No `vpath' search paths.

# No general (`VPATH' variable) search path.

# # of strings in strcache: 1
# # of strcache buffers: 1
# strcache size: total = 4096 / max = 4096 / min = 4096 / avg = 4096
# strcache free: total = 4087 / max = 4087 / min = 4087 / avg = 4087

# Finished Make data base on Tue Jul 12 15:30:26 2022

 
